<?xml version="1.0" encoding="UTF-8"?>
<!-- Generated by org.testng.reporters.JUnitXMLReporter -->
<testsuite hostname="DESKTOP-QDUI9UU" failures="2" tests="2" name="HomePage" time="48.314" errors="0" timestamp="2 Oct 2020 10:51:31 GMT">
  <testcase classname="AcademicProject.HomePage" name="pagenavigation" time="23.276">
    <failure type="java.lang.NullPointerException">
      <![CDATA[java.lang.NullPointerException
	at AcademicProject.HomePage.pagenavigation(HomePage.java:47)
	at java.base/java.util.concurrent.FutureTask.run(FutureTask.java:264)
	at java.base/java.util.concurrent.ThreadPoolExecutor.runWorker(ThreadPoolExecutor.java:1128)
	at java.base/java.util.concurrent.ThreadPoolExecutor$Worker.run(ThreadPoolExecutor.java:628)
	at java.base/java.lang.Thread.run(Thread.java:834)
... Removed 16 stack frames]]>
    </failure>
  </testcase> <!-- pagenavigation -->
  <testcase classname="AcademicProject.HomePage" name="pagenavigation" time="4.761">
    <failure type="java.lang.NullPointerException">
      <![CDATA[java.lang.NullPointerException
	at AcademicProject.HomePage.pagenavigation(HomePage.java:47)
	at java.base/java.util.concurrent.FutureTask.run(FutureTask.java:264)
	at java.base/java.util.concurrent.ThreadPoolExecutor.runWorker(ThreadPoolExecutor.java:1128)
	at java.base/java.util.concurrent.ThreadPoolExecutor$Worker.run(ThreadPoolExecutor.java:628)
	at java.base/java.lang.Thread.run(Thread.java:834)
... Removed 16 stack frames]]>
    </failure>
  </testcase> <!-- pagenavigation -->
</testsuite> <!-- HomePage -->
