<?xml version="1.0" encoding="UTF-8"?>
<!-- Generated by org.testng.reporters.JUnitXMLReporter -->
<testsuite hostname="DESKTOP-QDUI9UU" failures="1" tests="1" name="ValidateTitle" time="37.366" errors="0" timestamp="2 Oct 2020 10:51:20 GMT">
  <testcase classname="AcademicProject.ValidateTitle" name="pagenavigation" time="0.897">
    <failure type="junit.framework.ComparisonFailure" message="expected:&amp;lt;... COUR...&amp;gt; but was:&amp;lt;...112121 COUR232...&amp;gt;">
      <![CDATA[junit.framework.ComparisonFailure: expected:<... COUR...> but was:<...112121 COUR232...>
	at junit.framework.Assert.assertEquals(Assert.java:81)
	at junit.framework.Assert.assertEquals(Assert.java:87)
	at AcademicProject.ValidateTitle.pagenavigation(ValidateTitle.java:38)
	at java.base/java.util.concurrent.FutureTask.run(FutureTask.java:264)
	at java.base/java.util.concurrent.ThreadPoolExecutor.runWorker(ThreadPoolExecutor.java:1128)
	at java.base/java.util.concurrent.ThreadPoolExecutor$Worker.run(ThreadPoolExecutor.java:628)
	at java.base/java.lang.Thread.run(Thread.java:834)
... Removed 16 stack frames]]>
    </failure>
  </testcase> <!-- pagenavigation -->
</testsuite> <!-- ValidateTitle -->
