<?xml version="1.0" encoding="UTF-8"?>
<testsuite xmlns:xsi="http://www.w3.org/2001/XMLSchema-instance" xsi:noNamespaceSchemaLocation="https://maven.apache.org/surefire/maven-surefire-plugin/xsd/surefire-test-report-3.0.xsd" version="3.0" name="TestSuite" time="51.987" tests="4" errors="0" skipped="0" failures="3">
  <properties>
[...]
</properties>
  <testcase name="pagenavigation" classname="AcademicProject.ValidateTitle" time="1.141">
    <failure message="expected:&lt;... COUR...&gt; but was:&lt;...112121 COUR232...&gt;" type="junit.framework.ComparisonFailure"><![CDATA[junit.framework.ComparisonFailure: expected:<... COUR...> but was:<...112121 COUR232...>
	at AcademicProject.ValidateTitle.pagenavigation(ValidateTitle.java:38)
]]></failure>
    <system-err><![CDATA[StSartintga rCthirongme DChrirvoemre D8r5.i0v.e4r1 883.58.70 .(c4d168731.38eb7f 9(2cfda16c7ac13c0efb1af59928fdaf12c8a00c9c30aff10ac559d87d-fr2ef8s0/0b9r3aancfh0-ch5eda7d-sr/e4f18s3/@b{r#a16n89c}h)- hoena dpso/r4t1 8335@2{5#016
8O9}n)l yo nl opcoarlt  1c5on2n9e8ct
iOonnlsy a rleo caalll ocwoendn.ec
tPiloenass ea rsee ea lhltotwpes:d/./c
hPrlomeeadsrei vseere. chhtrtopmsi:um/./ocrhgr/osmeecdurriivtery.-cchornosmiiduemr.aotrigo/nsse cfuorri tsy-ucogngseidsetriaotniosn so nf okereping ChromeDriver sugges tsafe.
ChromeDriveri owanss  sotnar tkeede psiuncgc eCshsrfoumlelyD.r
iver safe.
ChromeDriver was started successfully.
Starting ChromeDriver 85.0.4183.87 (cd6713ebf92fa1cacc0f1a598df280093af0c5d7-refs/branch-heads/4183@{#1689}) on port 8127
Only local connections are allowed.
Please see https://chromedriver.chromium.org/security-considerations for suggestions on keeping ChromeDriver safe.
ChromeDriver was started successfully.
Oct 02, 2020 4:20:58 PM org.openqa.selenium.remote.ProtocolHandshake createSession
INFO: Detected dialect: W3C
Oct 02, 2020 4:20:58 PM org.openqa.selenium.remote.ProtocolHandshake createSession
INFO: Detected dialect: W3C
Oct 02, 2020 4:20:58 PM org.openqa.selenium.remote.ProtocolHandshake createSession
INFO: Detected dialect: W3C
]]></system-err>
  </testcase>
  <testcase name="NavTab" classname="AcademicProject.NavigateTabs" time="1.802"/>
  <testcase name="pagenavigation[Restricted@gmail.com, 34534534](1)" classname="AcademicProject.HomePage" time="10.553">
    <failure type="java.lang.NullPointerException"><![CDATA[java.lang.NullPointerException
	at AcademicProject.HomePage.pagenavigation(HomePage.java:47)
]]></failure>
    <system-out><![CDATA[before Email
]]></system-out>
  </testcase>
  <testcase name="pagenavigation[non_Restricted@gmail.com, 4234234](2)" classname="AcademicProject.HomePage" time="4.766">
    <failure type="java.lang.NullPointerException"><![CDATA[java.lang.NullPointerException
	at AcademicProject.HomePage.pagenavigation(HomePage.java:47)
]]></failure>
    <system-out><![CDATA[before Email
]]></system-out>
  </testcase>
</testsuite>